2023/05/25 22:39:21 {"callers":["E:/Code/Go/AutoVision/main.go: 28 main.init.0"],"level":"error","message":"app.BindAndValid errs: ","time":1685025561022600300}
2023/05/25 22:39:21 {"callers":["E:/Code/Go/AutoVision/main.go: 28 main.init.0"],"level":"error","message":"app.BindAndValid errs: ","time":1685025561022600300}
2023/05/25 22:39:21 {"callers":["E:/Code/Go/AutoVision/main.go: 28 main.init.0"],"level":"error","message":"app.BindAndValid errs: ","time":1685025561022600300}
2023/05/25 22:39:21 {"callers":["E:/Code/Go/AutoVision/main.go: 28 main.init.0"],"level":"error","message":"app.BindAndValid errs: ","time":1685025561023109100}
2023/05/25 22:39:21 {"callers":["E:/Code/Go/AutoVision/main.go: 28 main.init.0"],"level":"error","message":"app.BindAndValid errs: ","time":1685025561024354100}
2023/05/25 22:39:21 {"callers":["E:/Code/Go/AutoVision/main.go: 28 main.init.0"],"level":"error","message":"app.BindAndValid errs: ","time":1685025561024354100}
2023/05/25 22:39:21 {"callers":["E:/Code/Go/AutoVision/main.go: 28 main.init.0"],"level":"error","message":"app.BindAndValid errs: ","time":1685025561054382000}
2023/05/25 22:39:21 {"callers":["E:/Code/Go/AutoVision/main.go: 28 main.init.0"],"level":"error","message":"app.BindAndValid errs: ","time":1685025561054382000}
2023/05/25 22:39:21 {"callers":["E:/Code/Go/AutoVision/main.go: 28 main.init.0"],"level":"error","message":"app.BindAndValid errs: ","time":1685025561054382000}
2023/05/25 22:39:21 {"callers":["E:/Code/Go/AutoVision/main.go: 28 main.init.0"],"level":"error","message":"app.BindAndValid errs: ","time":1685025561054382000}
2023/05/25 22:39:21 {"callers":["E:/Code/Go/AutoVision/main.go: 28 main.init.0"],"level":"error","message":"app.BindAndValid errs: ","time":1685025561061046200}
2023/05/25 22:39:21 {"callers":["E:/Code/Go/AutoVision/main.go: 28 main.init.0"],"level":"error","message":"app.BindAndValid errs: ","time":1685025561061516600}
2023/05/25 22:39:21 {"callers":["E:/Code/Go/AutoVision/main.go: 28 main.init.0"],"level":"error","message":"app.BindAndValid errs: ","time":1685025561061516600}
2023/05/25 22:39:21 {"callers":["E:/Code/Go/AutoVision/main.go: 28 main.init.0"],"level":"error","message":"app.BindAndValid errs: ","time":1685025561061516600}
2023/05/25 22:39:21 {"callers":["E:/Code/Go/AutoVision/main.go: 28 main.init.0"],"level":"error","message":"app.BindAndValid errs: ","time":1685025561061516600}
2023/05/25 22:39:37 {"callers":["E:/Code/Go/AutoVision/main.go: 28 main.init.0"],"level":"error","message":"app.BindAndValid errs: ","time":1685025577527160100}
2023/05/25 22:39:37 {"callers":["E:/Code/Go/AutoVision/main.go: 28 main.init.0"],"level":"error","message":"app.BindAndValid errs: ","time":1685025577527160100}
2023/05/25 22:39:37 {"callers":["E:/Code/Go/AutoVision/main.go: 28 main.init.0"],"level":"error","message":"app.BindAndValid errs: ","time":1685025577527160100}
2023/05/25 22:39:37 {"callers":["E:/Code/Go/AutoVision/main.go: 28 main.init.0"],"level":"error","message":"app.BindAndValid errs: ","time":1685025577529479600}
2023/05/25 22:39:37 {"callers":["E:/Code/Go/AutoVision/main.go: 28 main.init.0"],"level":"error","message":"app.BindAndValid errs: ","time":1685025577529479600}
2023/05/25 22:39:37 {"callers":["E:/Code/Go/AutoVision/main.go: 28 main.init.0"],"level":"error","message":"app.BindAndValid errs: ","time":1685025577529479600}
2023/05/25 22:39:37 {"callers":["E:/Code/Go/AutoVision/main.go: 28 main.init.0"],"level":"error","message":"app.BindAndValid errs: ","time":1685025577530054000}
2023/05/25 22:39:37 {"callers":["E:/Code/Go/AutoVision/main.go: 28 main.init.0"],"level":"error","message":"app.BindAndValid errs: ","time":1685025577532831100}
2023/05/25 22:39:37 {"callers":["E:/Code/Go/AutoVision/main.go: 28 main.init.0"],"level":"error","message":"app.BindAndValid errs: ","time":1685025577532831100}
2023/05/25 22:39:37 {"callers":["E:/Code/Go/AutoVision/main.go: 28 main.init.0"],"level":"error","message":"app.BindAndValid errs: ","time":1685025577532831100}
2023/05/25 22:39:37 {"callers":["E:/Code/Go/AutoVision/main.go: 28 main.init.0"],"level":"error","message":"app.BindAndValid errs: ","time":1685025577535532500}
2023/05/25 22:39:37 {"callers":["E:/Code/Go/AutoVision/main.go: 28 main.init.0"],"level":"error","message":"app.BindAndValid errs: ","time":1685025577536138400}
2023/05/25 22:39:37 {"callers":["E:/Code/Go/AutoVision/main.go: 28 main.init.0"],"level":"error","message":"app.BindAndValid errs: ","time":1685025577537016700}
2023/05/25 22:39:37 {"callers":["E:/Code/Go/AutoVision/main.go: 28 main.init.0"],"level":"error","message":"app.BindAndValid errs: ","time":1685025577537016700}
2023/05/25 22:39:37 {"callers":["E:/Code/Go/AutoVision/main.go: 28 main.init.0"],"level":"error","message":"app.BindAndValid errs: ","time":1685025577539434500}
2023/05/25 22:57:46 {"callers":["E:/Code/Go/AutoVision/main.go: 28 main.init.0"],"level":"error","message":"svc.CreateTrainDataset err: Error 1054 (42S22): Unknown column 'created_at' in 'field list'","time":1685026666268310500}
2023/05/25 22:57:46 {"callers":["E:/Code/Go/AutoVision/main.go: 28 main.init.0"],"level":"error","message":"svc.CreateTrainDataset err: Error 1054 (42S22): Unknown column 'created_at' in 'field list'","time":1685026666268310500}
2023/05/25 22:57:46 {"callers":["E:/Code/Go/AutoVision/main.go: 28 main.init.0"],"level":"error","message":"svc.CreateTrainDataset err: Error 1054 (42S22): Unknown column 'created_at' in 'field list'","time":1685026666268951500}
2023/05/25 22:57:46 {"callers":["E:/Code/Go/AutoVision/main.go: 28 main.init.0"],"level":"error","message":"svc.CreateTrainDataset err: Error 1054 (42S22): Unknown column 'created_at' in 'field list'","time":1685026666268951500}
2023/05/25 22:57:46 {"callers":["E:/Code/Go/AutoVision/main.go: 28 main.init.0"],"level":"error","message":"svc.CreateTrainDataset err: Error 1054 (42S22): Unknown column 'created_at' in 'field list'","time":1685026666268951500}
2023/05/25 22:57:46 {"callers":["E:/Code/Go/AutoVision/main.go: 28 main.init.0"],"level":"error","message":"svc.CreateTrainDataset err: Error 1054 (42S22): Unknown column 'created_at' in 'field list'","time":1685026666268951500}
2023/05/25 22:57:46 {"callers":["E:/Code/Go/AutoVision/main.go: 28 main.init.0"],"level":"error","message":"svc.CreateTrainDataset err: Error 1054 (42S22): Unknown column 'created_at' in 'field list'","time":1685026666318199700}
2023/05/25 22:57:46 {"callers":["E:/Code/Go/AutoVision/main.go: 28 main.init.0"],"level":"error","message":"svc.CreateTrainDataset err: Error 1054 (42S22): Unknown column 'created_at' in 'field list'","time":1685026666319025400}
2023/05/25 22:57:46 {"callers":["E:/Code/Go/AutoVision/main.go: 28 main.init.0"],"level":"error","message":"svc.CreateTrainDataset err: Error 1054 (42S22): Unknown column 'created_at' in 'field list'","time":1685026666319025400}
2023/05/25 22:57:46 {"callers":["E:/Code/Go/AutoVision/main.go: 28 main.init.0"],"level":"error","message":"svc.CreateTrainDataset err: Error 1054 (42S22): Unknown column 'created_at' in 'field list'","time":1685026666319255800}
2023/05/25 22:57:46 {"callers":["E:/Code/Go/AutoVision/main.go: 28 main.init.0"],"level":"error","message":"svc.CreateTrainDataset err: Error 1054 (42S22): Unknown column 'created_at' in 'field list'","time":1685026666319255800}
2023/05/25 22:57:46 {"callers":["E:/Code/Go/AutoVision/main.go: 28 main.init.0"],"level":"error","message":"svc.CreateTrainDataset err: Error 1054 (42S22): Unknown column 'created_at' in 'field list'","time":1685026666319255800}
2023/05/25 22:57:46 {"callers":["E:/Code/Go/AutoVision/main.go: 28 main.init.0"],"level":"error","message":"svc.CreateTrainDataset err: Error 1054 (42S22): Unknown column 'created_at' in 'field list'","time":1685026666331845800}
2023/05/25 22:57:46 {"callers":["E:/Code/Go/AutoVision/main.go: 28 main.init.0"],"level":"error","message":"svc.CreateTrainDataset err: Error 1054 (42S22): Unknown column 'created_at' in 'field list'","time":1685026666334294800}
2023/05/25 22:57:46 {"callers":["E:/Code/Go/AutoVision/main.go: 28 main.init.0"],"level":"error","message":"svc.CreateTrainDataset err: Error 1054 (42S22): Unknown column 'created_at' in 'field list'","time":1685026666335246800}
2023/05/25 23:06:06 {"callers":["E:/Code/Go/AutoVision/main.go: 28 main.init.0"],"level":"error","message":"c.FormFile err http: no such file","time":1685027166032507300}
2023/05/25 23:06:06 {"callers":["E:/Code/Go/AutoVision/main.go: 28 main.init.0"],"level":"error","message":"c.FormFile err http: no such file","time":1685027166035861200}
2023/05/25 23:06:06 {"callers":["E:/Code/Go/AutoVision/main.go: 28 main.init.0"],"level":"error","message":"c.FormFile err http: no such file","time":1685027166036023600}
2023/05/25 23:06:06 {"callers":["E:/Code/Go/AutoVision/main.go: 28 main.init.0"],"level":"error","message":"c.FormFile err http: no such file","time":1685027166036023600}
2023/05/25 23:06:06 {"callers":["E:/Code/Go/AutoVision/main.go: 28 main.init.0"],"level":"error","message":"c.FormFile err http: no such file","time":1685027166036023600}
2023/05/25 23:06:06 {"callers":["E:/Code/Go/AutoVision/main.go: 28 main.init.0"],"level":"error","message":"c.FormFile err http: no such file","time":1685027166042221200}
2023/05/25 23:06:06 {"callers":["E:/Code/Go/AutoVision/main.go: 28 main.init.0"],"level":"error","message":"c.FormFile err http: no such file","time":1685027166052619700}
2023/05/25 23:06:06 {"callers":["E:/Code/Go/AutoVision/main.go: 28 main.init.0"],"level":"error","message":"c.FormFile err http: no such file","time":1685027166065032100}
2023/05/25 23:06:06 {"callers":["E:/Code/Go/AutoVision/main.go: 28 main.init.0"],"level":"error","message":"c.FormFile err http: no such file","time":1685027166071055400}
2023/05/25 23:06:06 {"callers":["E:/Code/Go/AutoVision/main.go: 28 main.init.0"],"level":"error","message":"c.FormFile err http: no such file","time":1685027166071850200}
2023/05/25 23:06:06 {"callers":["E:/Code/Go/AutoVision/main.go: 28 main.init.0"],"level":"error","message":"c.FormFile err http: no such file","time":1685027166071850200}
2023/05/25 23:06:06 {"callers":["E:/Code/Go/AutoVision/main.go: 28 main.init.0"],"level":"error","message":"c.FormFile err http: no such file","time":1685027166071850200}
2023/05/25 23:06:06 {"callers":["E:/Code/Go/AutoVision/main.go: 28 main.init.0"],"level":"error","message":"c.FormFile err http: no such file","time":1685027166079968500}
2023/05/25 23:06:06 {"callers":["E:/Code/Go/AutoVision/main.go: 28 main.init.0"],"level":"error","message":"c.FormFile err http: no such file","time":1685027166095112400}
2023/05/25 23:06:06 {"callers":["E:/Code/Go/AutoVision/main.go: 28 main.init.0"],"level":"error","message":"c.FormFile err http: no such file","time":1685027166096662400}
2023/05/25 23:15:52 {"callers":["E:/Code/Go/AutoVision/main.go: 28 main.init.0"],"level":"error","message":"c.FormFile err http: no such file","time":1685027752088132400}
2023/05/25 23:53:27 {"callers":["E:/Code/Go/AutoVision/main.go: 28 main.init.0"],"level":"error","message":"c.FormFile err http: no such file","time":1685030007883206900}
2023/05/26 00:07:12 {"callers":["E:/Code/Go/AutoVision/main.go: 28 main.init.0"],"level":"error","message":"app.BindAndValid errs: ","time":1685030832442920500}
2023/05/26 00:45:16 {"callers":["E:/Code/Go/AutoVision/main.go: 28 main.init.0"],"level":"error","message":"app.BindAndValid errs: ","time":1685033116379455200}
2023/05/26 00:45:27 {"callers":["E:/Code/Go/AutoVision/main.go: 28 main.init.0"],"level":"error","message":"app.BindAndValid errs: ","time":1685033127923930000}
2023/05/26 00:48:44 {"callers":["E:/Code/Go/AutoVision/main.go: 28 main.init.0"],"level":"error","message":"svc.DatasetTrainList err: Error 1054 (42S22): Unknown column 'DeletedAt' in 'where clause'","time":1685033324651187600}
2023/05/26 00:57:52 {"callers":["E:/Code/Go/AutoVision/main.go: 28 main.init.0"],"level":"error","message":"svc.CreateTrainDataset err: Error 1452 (23000): Cannot add or update a child row: a foreign key constraint fails (`main`.`datasets`, CONSTRAINT `datasets_ibfk_1` FOREIGN KEY (`user_id`) REFERENCES `users` (`Uid`))","time":1685033872834722500}
2023/05/26 01:10:08 {"callers":["E:/Code/Go/AutoVision/main.go: 28 main.init.0"],"level":"error","message":"svc.CreateTrainDataset err: Error 1205 (HY000): Lock wait timeout exceeded; try restarting transaction","time":1685034608130553100}
2023/05/26 01:10:27 {"callers":["E:/Code/Go/AutoVision/main.go: 28 main.init.0"],"level":"error","message":"svc.CreateTrainDataset err: Error 1205 (HY000): Lock wait timeout exceeded; try restarting transaction","time":1685034627137199800}
2023/05/26 01:10:36 {"callers":["E:/Code/Go/AutoVision/main.go: 28 main.init.0"],"level":"error","message":"svc.CreateTrainDataset err: Error 1205 (HY000): Lock wait timeout exceeded; try restarting transaction","time":1685034636133604100}
2023/05/27 00:52:49 {"callers":["E:/Code/Go/AutoVision/main.go: 28 main.init.0"],"level":"error","message":"app.BindAndValid errs: ","time":1685119969875597400}
2023/05/27 01:19:12 {"callers":["E:/Code/Go/AutoVision/main.go: 28 main.init.0"],"level":"error","message":"app.BindAndValid errs: ","time":1685121552447741900}
2023/05/27 02:10:11 {"callers":["E:/Code/Go/AutoVision/main.go: 28 main.init.0"],"level":"error","message":"app.BindAndValid errs: ","time":1685124611054797800}
2023/05/27 02:19:17 {"callers":["E:/Code/Go/AutoVision/main.go: 28 main.init.0"],"level":"error","message":"app.BindAndValid errs: ","time":1685125157775908400}
2023/05/27 20:07:19 {"callers":["E:/Code/Go/AutoVision/main.go: 28 main.init.0"],"level":"error","message":"app.BindAndValid errs: ","time":1685189239260845400}
2023/05/27 20:07:37 {"callers":["E:/Code/Go/AutoVision/main.go: 28 main.init.0"],"level":"error","message":"app.BindAndValid errs: ","time":1685189257547162200}
2023/05/27 20:19:24 {"callers":["E:/Code/Go/AutoVision/main.go: 28 main.init.0"],"level":"error","message":"app.BindAndValid errs: ","time":1685189964999012500}
2023/05/27 20:31:34 {"callers":["E:/Code/Go/AutoVision/main.go: 28 main.init.0"],"level":"error","message":"app.BindAndValid errs: ","time":1685190694940901000}
2023/05/27 20:38:31 {"callers":["E:/Code/Go/AutoVision/main.go: 28 main.init.0"],"level":"error","message":"app.BindAndValid errs: ","time":1685191111965402500}
2023/05/27 20:38:33 {"callers":["E:/Code/Go/AutoVision/main.go: 28 main.init.0"],"level":"error","message":"app.BindAndValid errs: ","time":1685191113273739600}
2023/05/27 20:39:27 {"callers":["E:/Code/Go/AutoVision/main.go: 28 main.init.0"],"level":"error","message":"app.BindAndValid errs: ","time":1685191167511123600}
2023/05/27 20:40:28 {"callers":["E:/Code/Go/AutoVision/main.go: 28 main.init.0"],"level":"error","message":"app.BindAndValid errs: ","time":1685191228684789300}
2023/05/27 20:45:27 {"callers":["E:/Code/Go/AutoVision/main.go: 28 main.init.0"],"level":"error","message":"app.BindAndValid errs: ","time":1685191527238484400}
2023/05/27 20:55:00 {"callers":["E:/Code/Go/AutoVision/main.go: 28 main.init.0"],"level":"error","message":"app.BindAndValid errs: ","time":1685192100118283900}
2023/05/27 20:55:02 {"callers":["E:/Code/Go/AutoVision/main.go: 28 main.init.0"],"level":"error","message":"app.BindAndValid errs: ","time":1685192102691193300}
2023/05/27 23:09:48 {"callers":["E:/Code/Go/AutoVision/main.go: 28 main.init.0"],"level":"error","message":"app.BindAndValid errs: ","time":1685200188352586700}
2023/05/27 23:11:08 {"callers":["E:/Code/Go/AutoVision/main.go: 28 main.init.0"],"level":"error","message":"app.BindAndValid errs: ","time":1685200268066481300}
2023/05/27 23:12:34 {"callers":["E:/Code/Go/AutoVision/main.go: 28 main.init.0"],"level":"error","message":"app.BindAndValid errs: ","time":1685200354272797600}
2023/05/27 23:12:38 {"callers":["E:/Code/Go/AutoVision/main.go: 28 main.init.0"],"level":"error","message":"app.BindAndValid errs: ","time":1685200356964740900}
2023/05/27 23:12:38 {"callers":["E:/Code/Go/AutoVision/main.go: 28 main.init.0"],"level":"error","message":"app.BindAndValid errs: ","time":1685200358125304700}
2023/05/27 23:12:39 {"callers":["E:/Code/Go/AutoVision/main.go: 28 main.init.0"],"level":"error","message":"app.BindAndValid errs: ","time":1685200359015937500}
2023/05/27 23:16:26 {"callers":["E:/Code/Go/AutoVision/main.go: 28 main.init.0"],"level":"error","message":"app.BindAndValid errs: ","time":1685200586809259400}
2023/05/27 23:16:28 {"callers":["E:/Code/Go/AutoVision/main.go: 28 main.init.0"],"level":"error","message":"app.BindAndValid errs: ","time":1685200588797305000}
2023/05/27 23:16:58 {"callers":["E:/Code/Go/AutoVision/main.go: 28 main.init.0"],"level":"error","message":"app.BindAndValid errs: ","time":1685200618131802600}
2023/05/31 13:33:10 {"callers":["E:/Code/Go/AutoVision/main.go: 28 main.init.0"],"level":"error","message":"app.BindAndValid errs: ","time":1685511190419049200}
2023/05/31 13:35:43 {"callers":["E:/Code/Go/AutoVision/main.go: 28 main.init.0"],"level":"error","message":"app.BindAndValid errs: ","time":1685511343582111500}
2023/05/31 13:36:43 {"callers":["E:/Code/Go/AutoVision/main.go: 28 main.init.0"],"level":"error","message":"svc.CreateModel err: Error 1054 (42S22): Unknown column 'created_at' in 'field list'","time":1685511403275839000}
2023/05/31 13:37:03 {"callers":["E:/Code/Go/AutoVision/main.go: 28 main.init.0"],"level":"error","message":"svc.CreateModel err: Error 1054 (42S22): Unknown column 'created_at' in 'field list'","time":1685511423551179100}
2023/05/31 17:04:26 {"callers":["E:/Code/Go/AutoVision/main.go: 28 main.init.0"],"level":"error","message":"svc.CreateModel err: Error 1054 (42S22): Unknown column 'created_at' in 'field list'","time":1685523866485047200}
2023/05/31 17:22:45 {"callers":["E:/Code/Go/AutoVision/main.go: 28 main.init.0"],"level":"error","message":"app.BindAndValid errs: ","time":1685524965127867000}
2023/05/31 17:24:10 {"callers":["E:/Code/Go/AutoVision/main.go: 28 main.init.0"],"level":"error","message":"svc.GetModelList err: Error 1054 (42S22): Unknown column 'DeletedAt' in 'where clause'","time":1685525050144386200}
2023/05/31 21:51:15 {"callers":["E:/Code/Go/AutoVision/main.go: 28 main.init.0"],"level":"error","message":"app.BindAndValid errs: ","time":1685541075426816200}
2023/05/31 22:40:50 {"callers":["E:/Code/Go/AutoVision/main.go: 28 main.init.0"],"level":"error","message":"app.BindAndValid errs: ","time":1685544050405166900}
2023/05/31 22:41:44 {"callers":["E:/Code/Go/AutoVision/main.go: 28 main.init.0"],"level":"error","message":"app.BindAndValid errs: ","time":1685544104478546400}
2023/05/31 22:43:36 {"callers":["E:/Code/Go/AutoVision/main.go: 28 main.init.0"],"level":"error","message":"app.BindAndValid errs: ","time":1685544216693744300}
